<?xml version="1.0" encoding="UTF-8"?>
<Site BuildName="Win32-MSBuild"
	BuildStamp="20260302-1531-Experimental"
	Name="Tamir"
	Generator="ctest-3.31.6-msvc6"
	CompilerName="C:/Program Files/Microsoft Visual Studio/2022/Preview/VC/Tools/MSVC/14.44.35207/bin/Hostx64/x64/cl.exe"
	CompilerVersion="19.44.35215.0"
	OSName="Windows"
	Hostname="Tamir"
	OSRelease=" Professional"
	OSVersion=" (Build 26100)"
	OSPlatform="AMD64"
	Is64Bits="1"
	VendorString="AuthenticAMD"
	VendorID="Advanced Micro Devices"
	FamilyID="15"
	ModelID="4"
	ModelName="AMD Ryzen 5 7535HS with Radeon Graphics        "
	ProcessorCacheSize="64"
	NumberOfLogicalCPU="12"
	NumberOfPhysicalCPU="6"
	TotalVirtualMemory="18939"
	TotalPhysicalMemory="15611"
	LogicalProcessorsPerPhysical="2"
	ProcessorClockFrequency="3293"
	>
	<Testing>
		<StartDateTime>Mar 02 22:45 [NON-UTF-8-BYTE-0xD2][NON-UTF-8-BYTE-0xEE][NON-UTF-8-BYTE-0xEC][NON-UTF-8-BYTE-0xF1][NON-UTF-8-BYTE-0xEA] ([NON-UTF-8-BYTE-0xE7][NON-UTF-8-BYTE-0xE8][NON-UTF-8-BYTE-0xEC][NON-UTF-8-BYTE-0xE0])</StartDateTime>
		<StartTestTime>1772466308</StartTestTime>
		<TestList/>
		<EndDateTime>Mar 02 22:45 [NON-UTF-8-BYTE-0xD2][NON-UTF-8-BYTE-0xEE][NON-UTF-8-BYTE-0xEC][NON-UTF-8-BYTE-0xF1][NON-UTF-8-BYTE-0xEA] ([NON-UTF-8-BYTE-0xE7][NON-UTF-8-BYTE-0xE8][NON-UTF-8-BYTE-0xEC][NON-UTF-8-BYTE-0xE0])</EndDateTime>
		<EndTestTime>1772466308</EndTestTime>
		<ElapsedMinutes>0</ElapsedMinutes>
	</Testing>
</Site>
